Build started 19/04/2017 14:31:25.
     1>Project "K:\Pointers\Pointers\Pointers.vcxproj" on node 2 (build target(s)).
     1>InitializeBuildStatus:
         Creating "Debug\Pointers.unsuccessfulbuild" because "AlwaysCreate" was specified.
       ClCompile:
         C:\Program Files (x86)\Microsoft Visual Studio 10.0\VC\bin\CL.exe /c /ZI /nologo /W3 /WX- /Od /Oy- /D WIN32 /D _DEBUG /D _CONSOLE /D _UNICODE /D UNICODE /Gm /EHsc /RTC1 /MDd /GS /fp:precise /Zc:wchar_t /Zc:forScope /Fo"Debug\\" /Fd"Debug\vc100.pdb" /Gd /TP /analyze- /errorReport:prompt Funcoes.cpp Ponteiro.cpp
         Ponteiro.cpp
         Funcoes.cpp
         Generating Code...
       ManifestResourceCompile:
         All outputs are up-to-date.
       Link:
         C:\Program Files (x86)\Microsoft Visual Studio 10.0\VC\bin\link.exe /ERRORREPORT:PROMPT /OUT:"K:\Pointers\Debug\Pointers.exe" /INCREMENTAL /NOLOGO kernel32.lib user32.lib gdi32.lib winspool.lib comdlg32.lib advapi32.lib shell32.lib ole32.lib oleaut32.lib uuid.lib odbc32.lib odbccp32.lib /MANIFEST /ManifestFile:"Debug\Pointers.exe.intermediate.manifest" /MANIFESTUAC:"level='asInvoker' uiAccess='false'" /DEBUG /PDB:"K:\Pointers\Debug\Pointers.pdb" /SUBSYSTEM:CONSOLE /TLBID:1 /DYNAMICBASE /NXCOMPAT /IMPLIB:"K:\Pointers\Debug\Pointers.lib" /MACHINE:X86 Debug\Pointers.exe.embed.manifest.res
         Debug\Funcoes.obj
         Debug\Ponteiro.obj
       Manifest:
         C:\Program Files (x86)\Microsoft SDKs\Windows\v7.0A\bin\mt.exe /nologo /verbose /out:"Debug\Pointers.exe.embed.manifest" /manifest Debug\Pointers.exe.intermediate.manifest
         All outputs are up-to-date.
       LinkEmbedManifest:
         All outputs are up-to-date.
         Pointers.vcxproj -> K:\Pointers\Debug\Pointers.exe
       FinalizeBuildStatus:
         Deleting file "Debug\Pointers.unsuccessfulbuild".
         Touching "Debug\Pointers.lastbuildstate".
     1>Done Building Project "K:\Pointers\Pointers\Pointers.vcxproj" (build target(s)).

Build succeeded.

Time Elapsed 00:00:06.93
